<?xml version="1.0" encoding="UTF-8"?>
<testng-results ignored="0" total="2" passed="2" failed="0" skipped="0">
  <reporter-output>
  </reporter-output>
  <suite started-at="2021-01-21T17:18:28 IST" name="Default suite" finished-at="2021-01-21T17:18:55 IST" duration-ms="26810">
    <groups>
    </groups>
    <test started-at="2021-01-21T17:18:28 IST" name="Default test" finished-at="2021-01-21T17:18:55 IST" duration-ms="26810">
      <class name="utils.ExcelDataProvider">
        <test-method is-config="true" signature="setUpTest()[pri:0, instance:utils.ExcelDataProvider@6e0f5f7f]" started-at="2021-01-21T17:18:28 IST" name="setUpTest" finished-at="2021-01-21T17:18:35 IST" duration-ms="7062" status="PASS">
          <reporter-output>
          </reporter-output>
        </test-method> <!-- setUpTest -->
        <test-method signature="test1(java.lang.String, java.lang.String)[pri:0, instance:utils.ExcelDataProvider@6e0f5f7f]" started-at="2021-01-21T17:18:36 IST" name="test1" data-provider="test1data" finished-at="2021-01-21T17:18:46 IST" duration-ms="10111" status="PASS">
          <params>
            <param index="0">
              <value>
                <![CDATA[Admin]]>
              </value>
            </param>
            <param index="1">
              <value>
                <![CDATA[abc]]>
              </value>
            </param>
          </params>
          <reporter-output>
          </reporter-output>
        </test-method> <!-- test1 -->
        <test-method signature="test1(java.lang.String, java.lang.String)[pri:0, instance:utils.ExcelDataProvider@6e0f5f7f]" started-at="2021-01-21T17:18:46 IST" name="test1" data-provider="test1data" finished-at="2021-01-21T17:18:55 IST" duration-ms="8553" status="PASS">
          <params>
            <param index="0">
              <value>
                <![CDATA[Admin]]>
              </value>
            </param>
            <param index="1">
              <value>
                <![CDATA[admin123]]>
              </value>
            </param>
          </params>
          <reporter-output>
          </reporter-output>
        </test-method> <!-- test1 -->
      </class> <!-- utils.ExcelDataProvider -->
    </test> <!-- Default test -->
  </suite> <!-- Default suite -->
</testng-results>
